Using pre-set license
Built from '2020.3/staging' branch; Version is '2020.3.4f1 (0abb6314276a) revision 703331'; Using compiler version '192528614'; Build Type 'Release'
OS: 'Windows 10 Pro; OS build 19042.985; Version 2009; 64bit' Language: 'es' Physical Memory: 8140 MB
BatchMode: 1, IsHumanControllingUs: 0, StartBugReporterOnCrash: 0, Is64bit: 1, IsPro: 0

 COMMAND LINE ARGUMENTS:
C:\Users\User\Desktop\FACULTAD\unity\2020.3.4f1\Editor\Unity.exe
-adb2
-batchMode
-noUpm
-name
AssetImportWorker0
-projectPath
C:/Users/User/Documents/GitHub/Juego-sci-medieval/Juego sci-medieval
-logFile
Logs/AssetImportWorker0.log
-srvPort
61139
Successfully changed project path to: C:/Users/User/Documents/GitHub/Juego-sci-medieval/Juego sci-medieval
C:/Users/User/Documents/GitHub/Juego-sci-medieval/Juego sci-medieval
Using Asset Import Pipeline V2.
Refreshing native plugins compatible for Editor in 79.59 ms, found 1 plugins.
Preloading 0 native plugins for Editor in 0.00 ms.
Initialize engine version: 2020.3.4f1 (0abb6314276a)
[Subsystems] Discovering subsystems at path C:/Users/User/Desktop/FACULTAD/unity/2020.3.4f1/Editor/Data/Resources/UnitySubsystems
[Subsystems] Discovering subsystems at path C:/Users/User/Documents/GitHub/Juego-sci-medieval/Juego sci-medieval/Assets
GfxDevice: creating device client; threaded=0
Direct3D:
    Version:  Direct3D 11.0 [level 11.1]
    Renderer: Radeon RX 580 Series (ID=0x67df)
    Vendor:   
    VRAM:     8171 MB
    Driver:   27.20.14501.28009
Initialize mono
Mono path[0] = 'C:/Users/User/Desktop/FACULTAD/unity/2020.3.4f1/Editor/Data/Managed'
Mono path[1] = 'C:/Users/User/Desktop/FACULTAD/unity/2020.3.4f1/Editor/Data/MonoBleedingEdge/lib/mono/unityjit'
Mono config path = 'C:/Users/User/Desktop/FACULTAD/unity/2020.3.4f1/Editor/Data/MonoBleedingEdge/etc'
Using monoOptions --debugger-agent=transport=dt_socket,embedding=1,server=y,suspend=n,address=127.0.0.1:56056
Begin MonoManager ReloadAssembly
Registering precompiled unity dll's ...
Register platform support module: C:/Users/User/Desktop/FACULTAD/unity/2020.3.4f1/Editor/Data/PlaybackEngines/WindowsStandaloneSupport/UnityEditor.WindowsStandalone.Extensions.dll
Registered in 0.003179 seconds.
Native extension for WindowsStandalone target not found
Refreshing native plugins compatible for Editor in 82.16 ms, found 1 plugins.
Preloading 0 native plugins for Editor in 0.00 ms.
Mono: successfully reloaded assembly
- Completed reload, in  1.581 seconds
Platform modules already initialized, skipping
Registering precompiled user dll's ...
Registered in 0.002487 seconds.
Begin MonoManager ReloadAssembly
Native extension for WindowsStandalone target not found
Refreshing native plugins compatible for Editor in 78.74 ms, found 1 plugins.
Preloading 0 native plugins for Editor in 0.00 ms.
Mono: successfully reloaded assembly
- Completed reload, in  1.325 seconds
Platform modules already initialized, skipping
========================================================================
Worker process is ready to serve import requests
Launched and connected shader compiler UnityShaderCompiler.exe after 0.42 seconds
Refreshing native plugins compatible for Editor in 0.72 ms, found 1 plugins.
Preloading 0 native plugins for Editor in 0.00 ms.
Unloading 2285 Unused Serialized files (Serialized files now loaded: 0)
System memory in use before: 129.4 MB.
System memory in use after: 129.5 MB.

Unloading 24 unused Assets to reduce memory usage. Loaded Objects now: 2755.
Total: 2.829400 ms (FindLiveObjects: 0.356900 ms CreateObjectMapping: 0.097800 ms MarkObjects: 2.202800 ms  DeleteObjects: 0.170600 ms)

========================================================================
Received Import Request.
  path: Assets/2DGamekit/Scenes
  artifactKey: Guid(2592c7313e4536046898c207f0576ff8) Importer(815301076,1909f56bfc062723c751e8b465ee728b)
Start importing Assets/2DGamekit/Scenes using Guid(2592c7313e4536046898c207f0576ff8) Importer(815301076,1909f56bfc062723c751e8b465ee728b)  -> (artifact id: 'bfbba41250ce7318a2d950698403069d') in 0.025260 seconds
  Import took 0.088956 seconds .

========================================================================
Received Import Request.
  Time since last request: 69.893774 seconds.
  path: Assets/Juego sci-medieval/Nivel 1.unity
  artifactKey: Guid(3cd0ff80487564548a4ab3a166473830) Importer(815301076,1909f56bfc062723c751e8b465ee728b)
Start importing Assets/Juego sci-medieval/Nivel 1.unity using Guid(3cd0ff80487564548a4ab3a166473830) Importer(815301076,1909f56bfc062723c751e8b465ee728b)  -> (artifact id: 'cbc96bd3bbfb3654a766759711eac85e') in 0.057793 seconds
  Import took 0.206528 seconds .

========================================================================
Received Import Request.
  Time since last request: 110.666472 seconds.
  path: Assets/Free Pixel Art Forest/Demo
  artifactKey: Guid(3b182a07c99bba94db8e5b8a017967ad) Importer(815301076,1909f56bfc062723c751e8b465ee728b)
Start importing Assets/Free Pixel Art Forest/Demo using Guid(3b182a07c99bba94db8e5b8a017967ad) Importer(815301076,1909f56bfc062723c751e8b465ee728b)  -> (artifact id: 'bb02567c485553d3213348dca9f1ce2e') in 0.024913 seconds
  Import took 0.067488 seconds .

========================================================================
Received Import Request.
  Time since last request: 1.054623 seconds.
  path: Assets/Free Pixel Art Forest/Demo/Background Example 2.unity
  artifactKey: Guid(c03ec417bacb48840a2a07a72be16eda) Importer(815301076,1909f56bfc062723c751e8b465ee728b)
Start importing Assets/Free Pixel Art Forest/Demo/Background Example 2.unity using Guid(c03ec417bacb48840a2a07a72be16eda) Importer(815301076,1909f56bfc062723c751e8b465ee728b)  -> (artifact id: '35ea67098b2fd0282a1a01c3e59a7d3c') in 0.003783 seconds
  Import took 0.027125 seconds .

AssetImportWorkerClient::OnTransportError - code=2 error=End of file
