Using pre-set license
Built from '2020.3/staging' branch; Version is '2020.3.4f1 (0abb6314276a) revision 703331'; Using compiler version '192528614'; Build Type 'Release'
OS: 'Windows 10 Pro; OS build 19042.985; Version 2009; 64bit' Language: 'es' Physical Memory: 8140 MB
BatchMode: 1, IsHumanControllingUs: 0, StartBugReporterOnCrash: 0, Is64bit: 1, IsPro: 0

 COMMAND LINE ARGUMENTS:
C:\Users\User\Desktop\FACULTAD\unity\2020.3.4f1\Editor\Unity.exe
-adb2
-batchMode
-noUpm
-name
AssetImportWorker0
-projectPath
C:/Users/User/Documents/GitHub/Juego-sci-medieval/Juego sci-medieval
-logFile
Logs/AssetImportWorker0.log
-srvPort
49851
Successfully changed project path to: C:/Users/User/Documents/GitHub/Juego-sci-medieval/Juego sci-medieval
C:/Users/User/Documents/GitHub/Juego-sci-medieval/Juego sci-medieval
Using Asset Import Pipeline V2.
Refreshing native plugins compatible for Editor in 132.03 ms, found 1 plugins.
Preloading 0 native plugins for Editor in 0.00 ms.
Initialize engine version: 2020.3.4f1 (0abb6314276a)
[Subsystems] Discovering subsystems at path C:/Users/User/Desktop/FACULTAD/unity/2020.3.4f1/Editor/Data/Resources/UnitySubsystems
[Subsystems] Discovering subsystems at path C:/Users/User/Documents/GitHub/Juego-sci-medieval/Juego sci-medieval/Assets
GfxDevice: creating device client; threaded=0
Direct3D:
    Version:  Direct3D 11.0 [level 11.1]
    Renderer: Radeon RX 580 Series (ID=0x67df)
    Vendor:   
    VRAM:     8171 MB
    Driver:   27.20.14501.28009
Initialize mono
Mono path[0] = 'C:/Users/User/Desktop/FACULTAD/unity/2020.3.4f1/Editor/Data/Managed'
Mono path[1] = 'C:/Users/User/Desktop/FACULTAD/unity/2020.3.4f1/Editor/Data/MonoBleedingEdge/lib/mono/unityjit'
Mono config path = 'C:/Users/User/Desktop/FACULTAD/unity/2020.3.4f1/Editor/Data/MonoBleedingEdge/etc'
Using monoOptions --debugger-agent=transport=dt_socket,embedding=1,server=y,suspend=n,address=127.0.0.1:56380
Begin MonoManager ReloadAssembly
Registering precompiled unity dll's ...
Register platform support module: C:/Users/User/Desktop/FACULTAD/unity/2020.3.4f1/Editor/Data/PlaybackEngines/WindowsStandaloneSupport/UnityEditor.WindowsStandalone.Extensions.dll
Registered in 0.003426 seconds.
Native extension for WindowsStandalone target not found
Refreshing native plugins compatible for Editor in 101.73 ms, found 1 plugins.
Preloading 0 native plugins for Editor in 0.00 ms.
Mono: successfully reloaded assembly
- Completed reload, in  1.592 seconds
Platform modules already initialized, skipping
Registering precompiled user dll's ...
Registered in 0.001962 seconds.
Begin MonoManager ReloadAssembly
Native extension for WindowsStandalone target not found
Refreshing native plugins compatible for Editor in 103.40 ms, found 1 plugins.
Preloading 0 native plugins for Editor in 0.00 ms.
Mono: successfully reloaded assembly
- Completed reload, in  1.329 seconds
Platform modules already initialized, skipping
========================================================================
Worker process is ready to serve import requests
Launched and connected shader compiler UnityShaderCompiler.exe after 0.07 seconds
Refreshing native plugins compatible for Editor in 1.00 ms, found 1 plugins.
Preloading 0 native plugins for Editor in 0.00 ms.
Unloading 2286 Unused Serialized files (Serialized files now loaded: 0)
System memory in use before: 129.5 MB.
System memory in use after: 129.6 MB.

Unloading 24 unused Assets to reduce memory usage. Loaded Objects now: 2756.
Total: 2.852800 ms (FindLiveObjects: 0.291800 ms CreateObjectMapping: 0.099500 ms MarkObjects: 2.281500 ms  DeleteObjects: 0.177900 ms)

========================================================================
Received Import Request.
  path: Assets/CrystalWorld/rocks.png
  artifactKey: Guid(9422cf146bf65ee4ab42df4232b29c0c) Importer(815301076,1909f56bfc062723c751e8b465ee728b)
Start importing Assets/CrystalWorld/rocks.png using Guid(9422cf146bf65ee4ab42df4232b29c0c) Importer(815301076,1909f56bfc062723c751e8b465ee728b)  -> (artifact id: 'bb67a0772f7bafe0a2bab5428f8a7798') in 0.470898 seconds
  Import took 0.513941 seconds .

========================================================================
Received Prepare
Registering precompiled user dll's ...
Registered in 0.002999 seconds.
Begin MonoManager ReloadAssembly
Native extension for WindowsStandalone target not found
Refreshing native plugins compatible for Editor in 1.13 ms, found 1 plugins.
Preloading 0 native plugins for Editor in 0.00 ms.
Mono: successfully reloaded assembly
- Completed reload, in  1.328 seconds
Platform modules already initialized, skipping
Refreshing native plugins compatible for Editor in 1.06 ms, found 1 plugins.
Preloading 0 native plugins for Editor in 0.00 ms.
Unloading 2232 Unused Serialized files (Serialized files now loaded: 0)
System memory in use before: 127.8 MB.
System memory in use after: 127.8 MB.

Unloading 13 unused Assets to reduce memory usage. Loaded Objects now: 2766.
Total: 3.146300 ms (FindLiveObjects: 0.283500 ms CreateObjectMapping: 0.083800 ms MarkObjects: 2.620000 ms  DeleteObjects: 0.155800 ms)

========================================================================
Received Prepare
Registering precompiled user dll's ...
Registered in 0.002200 seconds.
Begin MonoManager ReloadAssembly
Native extension for WindowsStandalone target not found
Refreshing native plugins compatible for Editor in 1.57 ms, found 1 plugins.
Preloading 0 native plugins for Editor in 0.00 ms.
Mono: successfully reloaded assembly
- Completed reload, in  1.330 seconds
Platform modules already initialized, skipping
Refreshing native plugins compatible for Editor in 1.03 ms, found 1 plugins.
Preloading 0 native plugins for Editor in 0.00 ms.
Unloading 2232 Unused Serialized files (Serialized files now loaded: 0)
System memory in use before: 127.8 MB.
System memory in use after: 127.9 MB.

Unloading 13 unused Assets to reduce memory usage. Loaded Objects now: 2770.
Total: 3.342200 ms (FindLiveObjects: 0.318000 ms CreateObjectMapping: 0.081800 ms MarkObjects: 2.750200 ms  DeleteObjects: 0.190300 ms)

AssetImportWorkerClient::OnTransportError - code=2 error=End of file
