Using pre-set license
Built from '2020.3/staging' branch; Version is '2020.3.4f1 (0abb6314276a) revision 703331'; Using compiler version '192528614'; Build Type 'Release'
OS: 'Windows 10 Pro; OS build 19042.985; Version 2009; 64bit' Language: 'es' Physical Memory: 8140 MB
BatchMode: 1, IsHumanControllingUs: 0, StartBugReporterOnCrash: 0, Is64bit: 1, IsPro: 0

 COMMAND LINE ARGUMENTS:
C:\Users\User\Desktop\FACULTAD\unity\2020.3.4f1\Editor\Unity.exe
-adb2
-batchMode
-noUpm
-name
AssetImportWorker1
-projectPath
C:/Users/User/Documents/GitHub/Juego-sci-medieval/Juego sci-medieval
-logFile
Logs/AssetImportWorker1.log
-srvPort
55988
Successfully changed project path to: C:/Users/User/Documents/GitHub/Juego-sci-medieval/Juego sci-medieval
C:/Users/User/Documents/GitHub/Juego-sci-medieval/Juego sci-medieval
Using Asset Import Pipeline V2.
Refreshing native plugins compatible for Editor in 114.91 ms, found 1 plugins.
Preloading 0 native plugins for Editor in 0.00 ms.
Initialize engine version: 2020.3.4f1 (0abb6314276a)
[Subsystems] Discovering subsystems at path C:/Users/User/Desktop/FACULTAD/unity/2020.3.4f1/Editor/Data/Resources/UnitySubsystems
[Subsystems] Discovering subsystems at path C:/Users/User/Documents/GitHub/Juego-sci-medieval/Juego sci-medieval/Assets
GfxDevice: creating device client; threaded=0
Direct3D:
    Version:  Direct3D 11.0 [level 11.1]
    Renderer: Radeon RX 580 Series (ID=0x67df)
    Vendor:   
    VRAM:     8171 MB
    Driver:   27.20.14501.28009
Initialize mono
Mono path[0] = 'C:/Users/User/Desktop/FACULTAD/unity/2020.3.4f1/Editor/Data/Managed'
Mono path[1] = 'C:/Users/User/Desktop/FACULTAD/unity/2020.3.4f1/Editor/Data/MonoBleedingEdge/lib/mono/unityjit'
Mono config path = 'C:/Users/User/Desktop/FACULTAD/unity/2020.3.4f1/Editor/Data/MonoBleedingEdge/etc'
Using monoOptions --debugger-agent=transport=dt_socket,embedding=1,server=y,suspend=n,address=127.0.0.1:56608
Begin MonoManager ReloadAssembly
Registering precompiled unity dll's ...
Register platform support module: C:/Users/User/Desktop/FACULTAD/unity/2020.3.4f1/Editor/Data/PlaybackEngines/WindowsStandaloneSupport/UnityEditor.WindowsStandalone.Extensions.dll
Registered in 0.003060 seconds.
Native extension for WindowsStandalone target not found
Refreshing native plugins compatible for Editor in 105.85 ms, found 1 plugins.
Preloading 0 native plugins for Editor in 0.00 ms.
Mono: successfully reloaded assembly
- Completed reload, in  1.627 seconds
Platform modules already initialized, skipping
Registering precompiled user dll's ...
Registered in 0.002163 seconds.
Begin MonoManager ReloadAssembly
Native extension for WindowsStandalone target not found
Refreshing native plugins compatible for Editor in 130.38 ms, found 1 plugins.
Preloading 0 native plugins for Editor in 0.00 ms.
Mono: successfully reloaded assembly
- Completed reload, in  1.689 seconds
Platform modules already initialized, skipping
========================================================================
Worker process is ready to serve import requests
Launched and connected shader compiler UnityShaderCompiler.exe after 0.14 seconds
Refreshing native plugins compatible for Editor in 1.17 ms, found 1 plugins.
Preloading 0 native plugins for Editor in 0.00 ms.
Unloading 2286 Unused Serialized files (Serialized files now loaded: 0)
System memory in use before: 129.5 MB.
System memory in use after: 129.6 MB.

Unloading 24 unused Assets to reduce memory usage. Loaded Objects now: 2756.
Total: 3.516900 ms (FindLiveObjects: 0.332000 ms CreateObjectMapping: 0.133900 ms MarkObjects: 2.825600 ms  DeleteObjects: 0.223900 ms)

========================================================================
Received Import Request.
  path: Assets/MagicCliffsArtwork/far-grounds.png
  artifactKey: Guid(f07713816d1804024959baa9e2f75852) Importer(815301076,1909f56bfc062723c751e8b465ee728b)
Start importing Assets/MagicCliffsArtwork/far-grounds.png using Guid(f07713816d1804024959baa9e2f75852) Importer(815301076,1909f56bfc062723c751e8b465ee728b)  -> (artifact id: 'ba4945839fa45fddd1199ab4652eb24a') in 0.857724 seconds
  Import took 0.908144 seconds .

========================================================================
Received Import Request.
  Time since last request: 0.000812 seconds.
  path: Assets/PF SET1/bakcground_night2.png
  artifactKey: Guid(41261f6ed984eb046a1828b6f367e7b9) Importer(815301076,1909f56bfc062723c751e8b465ee728b)
Start importing Assets/PF SET1/bakcground_night2.png using Guid(41261f6ed984eb046a1828b6f367e7b9) Importer(815301076,1909f56bfc062723c751e8b465ee728b)  -> (artifact id: 'c116dbcb1fc406b465e643c6c226db4f') in 0.024494 seconds
  Import took 0.032972 seconds .

========================================================================
Received Import Request.
  Time since last request: 0.000629 seconds.
  path: Assets/Juego sci-medieval/SPRITES/Layer_0010_1.prefab
  artifactKey: Guid(47a37ffdf5661b140b2607388aa4f33a) Importer(815301076,1909f56bfc062723c751e8b465ee728b)
Start importing Assets/Juego sci-medieval/SPRITES/Layer_0010_1.prefab using Guid(47a37ffdf5661b140b2607388aa4f33a) Importer(815301076,1909f56bfc062723c751e8b465ee728b)  -> (artifact id: '84860959df7e9d44b06508dd20acd05f') in 0.154360 seconds
  Import took 0.162850 seconds .

========================================================================
Received Import Request.
  Time since last request: 0.001221 seconds.
  path: Assets/CrystalWorld/main_lev_build_2.png
  artifactKey: Guid(c0ab2d51d91528c4bb0860b3a9ecbd7b) Importer(815301076,1909f56bfc062723c751e8b465ee728b)
Start importing Assets/CrystalWorld/main_lev_build_2.png using Guid(c0ab2d51d91528c4bb0860b3a9ecbd7b) Importer(815301076,1909f56bfc062723c751e8b465ee728b)  -> (artifact id: 'a9fa6732d50645d8e3564d10d14024bf') in 0.065705 seconds
  Import took 0.114268 seconds .

========================================================================
Received Import Request.
  Time since last request: 0.000654 seconds.
  path: Assets/Juego sci-medieval/SPRITES/Arbusto 5.png
  artifactKey: Guid(34606aa4a67db984eaef62a190ebe7d1) Importer(815301076,1909f56bfc062723c751e8b465ee728b)
Start importing Assets/Juego sci-medieval/SPRITES/Arbusto 5.png using Guid(34606aa4a67db984eaef62a190ebe7d1) Importer(815301076,1909f56bfc062723c751e8b465ee728b)  -> (artifact id: '480f659c7d1a6d4511c49d9a02d41158') in 0.046038 seconds
  Import took 0.104723 seconds .

========================================================================
Received Import Request.
  Time since last request: 0.000572 seconds.
  path: Assets/Juego sci-medieval/SPRITES/mainlevbuild.prefab
  artifactKey: Guid(15a0f10f830c3d84f81e7908e4eafa3f) Importer(815301076,1909f56bfc062723c751e8b465ee728b)
Start importing Assets/Juego sci-medieval/SPRITES/mainlevbuild.prefab using Guid(15a0f10f830c3d84f81e7908e4eafa3f) Importer(815301076,1909f56bfc062723c751e8b465ee728b)  -> (artifact id: '819518f53b57ca26487c6b94f4e3e8f7') in 0.078602 seconds
  Import took 0.218331 seconds .

========================================================================
Received Import Request.
  Time since last request: 0.000683 seconds.
  path: Assets/Juego sci-medieval/SPRITES/Malesa 4.png
  artifactKey: Guid(1878efa4a0749b74594c29f2a702424c) Importer(815301076,1909f56bfc062723c751e8b465ee728b)
Start importing Assets/Juego sci-medieval/SPRITES/Malesa 4.png using Guid(1878efa4a0749b74594c29f2a702424c) Importer(815301076,1909f56bfc062723c751e8b465ee728b)  -> (artifact id: '9556ba03f456c73d96ccc5e72f5b808e') in 0.065771 seconds
  Import took 0.142549 seconds .

========================================================================
Received Import Request.
  Time since last request: 0.000597 seconds.
  path: Assets/MagicCliffsArtwork/sky.png
  artifactKey: Guid(934d773f096874824bd544d55c4d8538) Importer(815301076,1909f56bfc062723c751e8b465ee728b)
Start importing Assets/MagicCliffsArtwork/sky.png using Guid(934d773f096874824bd544d55c4d8538) Importer(815301076,1909f56bfc062723c751e8b465ee728b)  -> (artifact id: '1e398fb844cdc67b6b397553824ac6e8') in 0.032367 seconds
  Import took 0.108614 seconds .

========================================================================
Received Import Request.
  Time since last request: 0.000662 seconds.
  path: Assets/PF SET1/decorative_obj.png
  artifactKey: Guid(d23e82e29bfdabf4f9b01dc69e6901b5) Importer(815301076,1909f56bfc062723c751e8b465ee728b)
Start importing Assets/PF SET1/decorative_obj.png using Guid(d23e82e29bfdabf4f9b01dc69e6901b5) Importer(815301076,1909f56bfc062723c751e8b465ee728b)  -> (artifact id: 'ba30e903436cf41d98c628ac4c2cab79') in 0.048709 seconds
  Import took 0.126320 seconds .

========================================================================
Received Import Request.
  Time since last request: 0.000667 seconds.
  path: Assets/Juego sci-medieval/SPRITES/Malesa 2.png
  artifactKey: Guid(8c6619e91b38a1148b893302e4822b8e) Importer(815301076,1909f56bfc062723c751e8b465ee728b)
Start importing Assets/Juego sci-medieval/SPRITES/Malesa 2.png using Guid(8c6619e91b38a1148b893302e4822b8e) Importer(815301076,1909f56bfc062723c751e8b465ee728b)  -> (artifact id: '017ef607f364572c2d35ad3a17a1fede') in 0.104385 seconds
  Import took 0.210258 seconds .

========================================================================
Received Import Request.
  Time since last request: 0.000694 seconds.
  path: Assets/Juego sci-medieval/SPRITES/Arbusto 2.png
  artifactKey: Guid(578ffa3ccfdb5a346aaadf51601f950f) Importer(815301076,1909f56bfc062723c751e8b465ee728b)
Start importing Assets/Juego sci-medieval/SPRITES/Arbusto 2.png using Guid(578ffa3ccfdb5a346aaadf51601f950f) Importer(815301076,1909f56bfc062723c751e8b465ee728b)  -> (artifact id: 'ff79db273052788f18283f6a33728fbf') in 0.330187 seconds
  Import took 0.338481 seconds .

========================================================================
Received Import Request.
  Time since last request: 0.000567 seconds.
  path: Assets/CrystalWorld/background01.png
  artifactKey: Guid(920aaa1b00668694698fa640fe042191) Importer(815301076,1909f56bfc062723c751e8b465ee728b)
Start importing Assets/CrystalWorld/background01.png using Guid(920aaa1b00668694698fa640fe042191) Importer(815301076,1909f56bfc062723c751e8b465ee728b)  -> (artifact id: '08595e20153d9edfc71e3ecdc69d0d3a') in 0.042678 seconds
  Import took 0.052064 seconds .

========================================================================
Received Import Request.
  Time since last request: 0.000786 seconds.
  path: Assets/CrystalWorld/main_lev_build_1.png
  artifactKey: Guid(f35b2662afb16374fbc2f477d92f8a46) Importer(815301076,1909f56bfc062723c751e8b465ee728b)
Start importing Assets/CrystalWorld/main_lev_build_1.png using Guid(f35b2662afb16374fbc2f477d92f8a46) Importer(815301076,1909f56bfc062723c751e8b465ee728b)  -> (artifact id: '342b920b2995c85b68392a8d3de9f922') in 0.040106 seconds
  Import took 0.063611 seconds .

========================================================================
Received Import Request.
  Time since last request: 0.001532 seconds.
  path: Assets/MagicCliffsArtwork/cave-tileset.png
  artifactKey: Guid(f5091b27a656f437094000095b53c3e9) Importer(815301076,1909f56bfc062723c751e8b465ee728b)
Start importing Assets/MagicCliffsArtwork/cave-tileset.png using Guid(f5091b27a656f437094000095b53c3e9) Importer(815301076,1909f56bfc062723c751e8b465ee728b)  -> (artifact id: '6051a33093cbecfbcd63f512cec45ee7') in 0.259754 seconds
  Import took 0.267977 seconds .

========================================================================
Received Import Request.
  Time since last request: 0.000672 seconds.
  path: Assets/Juego sci-medieval/SPRITES/far-grounds.prefab
  artifactKey: Guid(71cdff973e79e4d498daa964f70d1986) Importer(815301076,1909f56bfc062723c751e8b465ee728b)
Start importing Assets/Juego sci-medieval/SPRITES/far-grounds.prefab using Guid(71cdff973e79e4d498daa964f70d1986) Importer(815301076,1909f56bfc062723c751e8b465ee728b)  -> (artifact id: '88f205432c1521e4f4c175d2bcf3e66b') in 0.035294 seconds
  Import took 0.125806 seconds .

========================================================================
Received Import Request.
  Time since last request: 0.000713 seconds.
  path: Assets/CrystalWorld/background_obj02.png
  artifactKey: Guid(1381f40c1ade84c4e8fe62497620f656) Importer(815301076,1909f56bfc062723c751e8b465ee728b)
Start importing Assets/CrystalWorld/background_obj02.png using Guid(1381f40c1ade84c4e8fe62497620f656) Importer(815301076,1909f56bfc062723c751e8b465ee728b)  -> (artifact id: 'c0ef15438fb445463f291eb378a1235f') in 0.276927 seconds
  Import took 0.285520 seconds .

========================================================================
Received Import Request.
  Time since last request: 0.000905 seconds.
  path: Assets/Juego sci-medieval/SPRITES/Arbol 2.png
  artifactKey: Guid(f13fa79cfe756c84aad6c56b5ef9aa7f) Importer(815301076,1909f56bfc062723c751e8b465ee728b)
Start importing Assets/Juego sci-medieval/SPRITES/Arbol 2.png using Guid(f13fa79cfe756c84aad6c56b5ef9aa7f) Importer(815301076,1909f56bfc062723c751e8b465ee728b)  -> (artifact id: '67ff6f25697586d348d62da2067878f9') in 0.030012 seconds
  Import took 0.037815 seconds .

========================================================================
Received Import Request.
  Time since last request: 0.000709 seconds.
  path: Assets/PF SET1/bakcground_night3.png
  artifactKey: Guid(cc2fc48352056394a8b60d1c02246a03) Importer(815301076,1909f56bfc062723c751e8b465ee728b)
Start importing Assets/PF SET1/bakcground_night3.png using Guid(cc2fc48352056394a8b60d1c02246a03) Importer(815301076,1909f56bfc062723c751e8b465ee728b)  -> (artifact id: '7745de6e138ee24c2525f644ea47700d') in 0.032614 seconds
  Import took 0.041322 seconds .

========================================================================
Received Import Request.
  Time since last request: 0.000588 seconds.
  path: Assets/Juego sci-medieval/SPRITES/Arbol 3.png
  artifactKey: Guid(a83f32be8d15e164fb7378f4c30da62f) Importer(815301076,1909f56bfc062723c751e8b465ee728b)
Start importing Assets/Juego sci-medieval/SPRITES/Arbol 3.png using Guid(a83f32be8d15e164fb7378f4c30da62f) Importer(815301076,1909f56bfc062723c751e8b465ee728b)  -> (artifact id: '5c6fc016c2d28b30abc8cc6453048a53') in 0.073843 seconds
  Import took 0.110872 seconds .

========================================================================
Received Import Request.
  Time since last request: 0.000482 seconds.
  path: Assets/Juego sci-medieval/SPRITES/clouds.prefab
  artifactKey: Guid(802afa80fe8d9a742acf9c7c63434cb7) Importer(815301076,1909f56bfc062723c751e8b465ee728b)
Start importing Assets/Juego sci-medieval/SPRITES/clouds.prefab using Guid(802afa80fe8d9a742acf9c7c63434cb7) Importer(815301076,1909f56bfc062723c751e8b465ee728b)  -> (artifact id: '235f5f69c34c073131842288f26693f7') in 0.353251 seconds
  Import took 0.361501 seconds .

========================================================================
Received Import Request.
  Time since last request: 0.000797 seconds.
  path: Assets/CrystalWorld/background_obj01.png
  artifactKey: Guid(fabd4267de7ce4e48b969168e18b0ab4) Importer(815301076,1909f56bfc062723c751e8b465ee728b)
Start importing Assets/CrystalWorld/background_obj01.png using Guid(fabd4267de7ce4e48b969168e18b0ab4) Importer(815301076,1909f56bfc062723c751e8b465ee728b)  -> (artifact id: '72849e4b39dbbd8c4daa7c2329b296c8') in 0.070703 seconds
  Import took 0.468922 seconds .

========================================================================
Received Import Request.
  Time since last request: 0.000898 seconds.
  path: Assets/MagicCliffsArtwork/sea.png
  artifactKey: Guid(2e4c295fab3d94e2eb53e35cf2cf7112) Importer(815301076,1909f56bfc062723c751e8b465ee728b)
Start importing Assets/MagicCliffsArtwork/sea.png using Guid(2e4c295fab3d94e2eb53e35cf2cf7112) Importer(815301076,1909f56bfc062723c751e8b465ee728b)  -> (artifact id: '1855f48dbfed21baab985a1e22f594d7') in 0.206909 seconds
  Import took 0.242248 seconds .

========================================================================
Received Import Request.
  Time since last request: 0.000666 seconds.
  path: Assets/Juego sci-medieval/SPRITES/Rama 2.png
  artifactKey: Guid(03288baafaa87a34d89cd06f7ac3e81b) Importer(815301076,1909f56bfc062723c751e8b465ee728b)
Start importing Assets/Juego sci-medieval/SPRITES/Rama 2.png using Guid(03288baafaa87a34d89cd06f7ac3e81b) Importer(815301076,1909f56bfc062723c751e8b465ee728b)  -> (artifact id: 'c1a660c5b27ed3ac6205bfb28fc5cc27') in 0.027771 seconds
  Import took 0.037294 seconds .

========================================================================
Received Import Request.
  Time since last request: 0.000817 seconds.
  path: Assets/PF SET1/bakcground_day3.png
  artifactKey: Guid(3c740e741f514ba42ad9030cd94085da) Importer(815301076,1909f56bfc062723c751e8b465ee728b)
Start importing Assets/PF SET1/bakcground_day3.png using Guid(3c740e741f514ba42ad9030cd94085da) Importer(815301076,1909f56bfc062723c751e8b465ee728b)  -> (artifact id: '8f2dde2aba1ff3e739e14363cfe4ee25') in 0.049129 seconds
  Import took 0.079346 seconds .

========================================================================
Received Import Request.
  Time since last request: 0.000556 seconds.
  path: Assets/PF SET1/bakcground_day2.png
  artifactKey: Guid(134b0e89814f7b94590356522970bcff) Importer(815301076,1909f56bfc062723c751e8b465ee728b)
Start importing Assets/PF SET1/bakcground_day2.png using Guid(134b0e89814f7b94590356522970bcff) Importer(815301076,1909f56bfc062723c751e8b465ee728b)  -> (artifact id: '959a9b526ba74d7f38a4857132bd565c') in 0.026561 seconds
  Import took 0.088441 seconds .

========================================================================
Received Import Request.
  Time since last request: 0.000531 seconds.
  path: Assets/CrystalWorld/rocks.png
  artifactKey: Guid(9422cf146bf65ee4ab42df4232b29c0c) Importer(815301076,1909f56bfc062723c751e8b465ee728b)
Start importing Assets/CrystalWorld/rocks.png using Guid(9422cf146bf65ee4ab42df4232b29c0c) Importer(815301076,1909f56bfc062723c751e8b465ee728b)  -> (artifact id: 'e7839de5d12fca67fac053def56c1c58') in 0.089663 seconds
  Import took 0.444607 seconds .

========================================================================
Received Import Request.
  Time since last request: 0.000733 seconds.
  path: Assets/CrystalWorld/background03.png
  artifactKey: Guid(09b18b2dac48ea94a86e911ea947eb20) Importer(815301076,1909f56bfc062723c751e8b465ee728b)
Start importing Assets/CrystalWorld/background03.png using Guid(09b18b2dac48ea94a86e911ea947eb20) Importer(815301076,1909f56bfc062723c751e8b465ee728b)  -> (artifact id: 'f23ef3ab8938194f18437ef243610c1a') in 0.068074 seconds
  Import took 0.075617 seconds .

========================================================================
Received Import Request.
  Time since last request: 0.000609 seconds.
  path: Assets/Juego sci-medieval/SPRITES/Arbol chiquito 3.png
  artifactKey: Guid(c320906d0b8ae0d4c83df36b60e66681) Importer(815301076,1909f56bfc062723c751e8b465ee728b)
Start importing Assets/Juego sci-medieval/SPRITES/Arbol chiquito 3.png using Guid(c320906d0b8ae0d4c83df36b60e66681) Importer(815301076,1909f56bfc062723c751e8b465ee728b)  -> (artifact id: '9c1fe7f8b9af63118531ac9f8d82b998') in 0.069510 seconds
  Import took 0.077275 seconds .

========================================================================
Received Import Request.
  Time since last request: 0.000493 seconds.
  path: Assets/CrystalWorld/background02.png
  artifactKey: Guid(092264f4c2bed3b498740ddb1b821ba6) Importer(815301076,1909f56bfc062723c751e8b465ee728b)
Start importing Assets/CrystalWorld/background02.png using Guid(092264f4c2bed3b498740ddb1b821ba6) Importer(815301076,1909f56bfc062723c751e8b465ee728b)  -> (artifact id: '6e015016a9662c01694352cf715128aa') in 0.063262 seconds
  Import took 0.114687 seconds .

========================================================================
Received Import Request.
  Time since last request: 0.000528 seconds.
  path: Assets/PF SET1/bakcground_night1.png
  artifactKey: Guid(4b1df07ea00859b4886266878d9fda27) Importer(815301076,1909f56bfc062723c751e8b465ee728b)
Start importing Assets/PF SET1/bakcground_night1.png using Guid(4b1df07ea00859b4886266878d9fda27) Importer(815301076,1909f56bfc062723c751e8b465ee728b)  -> (artifact id: '0fb4eabc02c6a740abf6155d48cd70db') in 0.024981 seconds
  Import took 0.144185 seconds .

========================================================================
Received Import Request.
  Time since last request: 0.000775 seconds.
  path: Assets/Juego sci-medieval/SPRITES/Arbol chiquito 1.png
  artifactKey: Guid(040ec80693649644298b5ab8d834cd62) Importer(815301076,1909f56bfc062723c751e8b465ee728b)
Start importing Assets/Juego sci-medieval/SPRITES/Arbol chiquito 1.png using Guid(040ec80693649644298b5ab8d834cd62) Importer(815301076,1909f56bfc062723c751e8b465ee728b)  -> (artifact id: 'cde7bf5d1f81358adac5597bd15f80f4') in 0.034648 seconds
  Import took 0.089475 seconds .

========================================================================
Received Import Request.
  Time since last request: 0.013647 seconds.
  path: Assets/Juego sci-medieval/SPRITES/Arbol chiquito 2.png
  artifactKey: Guid(ba6ac859d7bc95a4296e37f192a5d1d1) Importer(815301076,1909f56bfc062723c751e8b465ee728b)
Start importing Assets/Juego sci-medieval/SPRITES/Arbol chiquito 2.png using Guid(ba6ac859d7bc95a4296e37f192a5d1d1) Importer(815301076,1909f56bfc062723c751e8b465ee728b)  -> (artifact id: '68ecdb51a67d965f897e1d0d5877ea73') in 0.066693 seconds
  Import took 0.125502 seconds .

========================================================================
Received Import Request.
  Time since last request: 0.000611 seconds.
  path: Assets/Juego sci-medieval/SPRITES/Malesa 1.png
  artifactKey: Guid(a1294796bd2c2e2428dcf3cc2ddda4e5) Importer(815301076,1909f56bfc062723c751e8b465ee728b)
Start importing Assets/Juego sci-medieval/SPRITES/Malesa 1.png using Guid(a1294796bd2c2e2428dcf3cc2ddda4e5) Importer(815301076,1909f56bfc062723c751e8b465ee728b)  -> (artifact id: 'e5e0dfaa309de9bfb861322aa1e07c69') in 0.079966 seconds
  Import took 0.105508 seconds .

========================================================================
Received Import Request.
  Time since last request: 0.000563 seconds.
  path: Assets/Juego sci-medieval/SPRITES/Layer_0000_9 (1).prefab
  artifactKey: Guid(ac896510ecb313b4186635d6c7e3923d) Importer(815301076,1909f56bfc062723c751e8b465ee728b)
Start importing Assets/Juego sci-medieval/SPRITES/Layer_0000_9 (1).prefab using Guid(ac896510ecb313b4186635d6c7e3923d) Importer(815301076,1909f56bfc062723c751e8b465ee728b)  -> (artifact id: '04f42f266da9e58cd1ed36fefae11622') in 0.053905 seconds
  Import took 0.070733 seconds .

========================================================================
Received Import Request.
  Time since last request: 0.000693 seconds.
  path: Assets/Juego sci-medieval/SPRITES/Layer_0004_Lights.prefab
  artifactKey: Guid(38ab101523859ca40b4af21a0582d002) Importer(815301076,1909f56bfc062723c751e8b465ee728b)
Start importing Assets/Juego sci-medieval/SPRITES/Layer_0004_Lights.prefab using Guid(38ab101523859ca40b4af21a0582d002) Importer(815301076,1909f56bfc062723c751e8b465ee728b)  -> (artifact id: 'a99fb9b7a17874108239757b9588481e') in 0.070609 seconds
  Import took 0.142455 seconds .

========================================================================
Received Import Request.
  Time since last request: 0.000713 seconds.
  path: Assets/MagicCliffsArtwork/clouds.png
  artifactKey: Guid(e5bd0397035914333a8d430a1a5d7d16) Importer(815301076,1909f56bfc062723c751e8b465ee728b)
Start importing Assets/MagicCliffsArtwork/clouds.png using Guid(e5bd0397035914333a8d430a1a5d7d16) Importer(815301076,1909f56bfc062723c751e8b465ee728b)  -> (artifact id: '78583e939bc58cf8ef3955cd0b38b09c') in 0.016292 seconds
  Import took 0.030137 seconds .

========================================================================
Received Import Request.
  Time since last request: 0.000558 seconds.
  path: Assets/Juego sci-medieval/SPRITES/Malessa 5.png
  artifactKey: Guid(5cfa33f84e811b849af4e4a4b2149332) Importer(815301076,1909f56bfc062723c751e8b465ee728b)
Start importing Assets/Juego sci-medieval/SPRITES/Malessa 5.png using Guid(5cfa33f84e811b849af4e4a4b2149332) Importer(815301076,1909f56bfc062723c751e8b465ee728b)  -> (artifact id: '025702243c7960df5b591b665b7b52a6') in 0.357925 seconds
  Import took 0.366169 seconds .

========================================================================
Received Import Request.
  Time since last request: 0.000657 seconds.
  path: Assets/MagicCliffsArtwork/tileset.png
  artifactKey: Guid(e6b6d08ce81654c3bb8887b055fb015d) Importer(815301076,1909f56bfc062723c751e8b465ee728b)
Start importing Assets/MagicCliffsArtwork/tileset.png using Guid(e6b6d08ce81654c3bb8887b055fb015d) Importer(815301076,1909f56bfc062723c751e8b465ee728b)  -> (artifact id: '0aa18155ee74045aac13446d4bcf718a') in 0.760763 seconds
  Import took 0.770963 seconds .

========================================================================
Received Import Request.
  Time since last request: 0.000698 seconds.
  path: Assets/Juego sci-medieval/SPRITES/Layer_0001_8.prefab
  artifactKey: Guid(b647c2450134e5043847be9ea6a64041) Importer(815301076,1909f56bfc062723c751e8b465ee728b)
Start importing Assets/Juego sci-medieval/SPRITES/Layer_0001_8.prefab using Guid(b647c2450134e5043847be9ea6a64041) Importer(815301076,1909f56bfc062723c751e8b465ee728b)  -> (artifact id: 'd2d88398958518d3cbde9d454b68079a') in 0.052878 seconds
  Import took 0.063915 seconds .

========================================================================
Received Import Request.
  Time since last request: 0.000684 seconds.
  path: Assets/Juego sci-medieval/SPRITES/clouds (1).prefab
  artifactKey: Guid(9210d183a2a6ff04697c0e2213ce663e) Importer(815301076,1909f56bfc062723c751e8b465ee728b)
Start importing Assets/Juego sci-medieval/SPRITES/clouds (1).prefab using Guid(9210d183a2a6ff04697c0e2213ce663e) Importer(815301076,1909f56bfc062723c751e8b465ee728b)  -> (artifact id: '530f53db285ee23302a414537a137af1') in 0.013980 seconds
  Import took 0.021972 seconds .

========================================================================
Received Import Request.
  Time since last request: 0.000555 seconds.
  path: Assets/CrystalWorld/background_obj03.png
  artifactKey: Guid(ff85c764bb151e8448a6d8087b2abccf) Importer(815301076,1909f56bfc062723c751e8b465ee728b)
Start importing Assets/CrystalWorld/background_obj03.png using Guid(ff85c764bb151e8448a6d8087b2abccf) Importer(815301076,1909f56bfc062723c751e8b465ee728b)  -> (artifact id: 'f20f568112044eee92b253358848f27c') in 0.041376 seconds
  Import took 0.058988 seconds .

========================================================================
Received Import Request.
  Time since last request: 0.000545 seconds.
  path: Assets/Juego sci-medieval/SPRITES/Malesa 3.png
  artifactKey: Guid(44169b79823789a4996c0eec63b1b37d) Importer(815301076,1909f56bfc062723c751e8b465ee728b)
Start importing Assets/Juego sci-medieval/SPRITES/Malesa 3.png using Guid(44169b79823789a4996c0eec63b1b37d) Importer(815301076,1909f56bfc062723c751e8b465ee728b)  -> (artifact id: '2a380a1c4be0fa31eab7cb5dd238af82') in 0.373262 seconds
  Import took 0.381492 seconds .

========================================================================
Received Import Request.
  Time since last request: 0.000583 seconds.
  path: Assets/Juego sci-medieval/SPRITES/Rama 1.png
  artifactKey: Guid(077a2dfce22aeae458e98a0985f126b0) Importer(815301076,1909f56bfc062723c751e8b465ee728b)
Start importing Assets/Juego sci-medieval/SPRITES/Rama 1.png using Guid(077a2dfce22aeae458e98a0985f126b0) Importer(815301076,1909f56bfc062723c751e8b465ee728b)  -> (artifact id: 'ffadec6dfe153ea8bc2e4e262dbee4c3') in 0.030380 seconds
  Import took 0.039103 seconds .

========================================================================
Received Import Request.
  Time since last request: 0.000649 seconds.
  path: Assets/Juego sci-medieval/SPRITES/Arbusto 6.png
  artifactKey: Guid(9db5458a33daa874ebd1cc553292e2cd) Importer(815301076,1909f56bfc062723c751e8b465ee728b)
Start importing Assets/Juego sci-medieval/SPRITES/Arbusto 6.png using Guid(9db5458a33daa874ebd1cc553292e2cd) Importer(815301076,1909f56bfc062723c751e8b465ee728b)  -> (artifact id: '862cf3c7423558eeef7f27271e108e8e') in 0.033386 seconds
  Import took 0.042272 seconds .

========================================================================
Received Import Request.
  Time since last request: 0.000810 seconds.
  path: Assets/Juego sci-medieval/SPRITES/Arbol 1.png
  artifactKey: Guid(0a832f9e3c7093a4db81b7e96d5c8587) Importer(815301076,1909f56bfc062723c751e8b465ee728b)
Start importing Assets/Juego sci-medieval/SPRITES/Arbol 1.png using Guid(0a832f9e3c7093a4db81b7e96d5c8587) Importer(815301076,1909f56bfc062723c751e8b465ee728b)  -> (artifact id: 'e31df2cb0654aeb1ee5588bae55e9f14') in 0.037209 seconds
  Import took 0.061378 seconds .

========================================================================
Received Import Request.
  Time since last request: 0.000855 seconds.
  path: Assets/Juego sci-medieval/SPRITES/bakcground_day3.prefab
  artifactKey: Guid(00d156f4942e0664f80daf03f2752cfd) Importer(815301076,1909f56bfc062723c751e8b465ee728b)
Start importing Assets/Juego sci-medieval/SPRITES/bakcground_day3.prefab using Guid(00d156f4942e0664f80daf03f2752cfd) Importer(815301076,1909f56bfc062723c751e8b465ee728b)  -> (artifact id: 'e0411dec5f9a8932ff93d3f6b880e6a5') in 0.047745 seconds
  Import took 0.085721 seconds .

========================================================================
Received Import Request.
  Time since last request: 0.000612 seconds.
  path: Assets/Juego sci-medieval/SPRITES/Arbusto 3.png
  artifactKey: Guid(b25d0085df683c7468edfa1362b0d581) Importer(815301076,1909f56bfc062723c751e8b465ee728b)
Start importing Assets/Juego sci-medieval/SPRITES/Arbusto 3.png using Guid(b25d0085df683c7468edfa1362b0d581) Importer(815301076,1909f56bfc062723c751e8b465ee728b)  -> (artifact id: '0fe9ec8b7a1aa83bce6e5d866df71503') in 0.042414 seconds
  Import took 0.087851 seconds .

========================================================================
Received Import Request.
  Time since last request: 0.000562 seconds.
  path: Assets/PF SET1/mainlevbuild.png
  artifactKey: Guid(bbf1993bf4e31194f9d5ee94ecea8677) Importer(815301076,1909f56bfc062723c751e8b465ee728b)
Start importing Assets/PF SET1/mainlevbuild.png using Guid(bbf1993bf4e31194f9d5ee94ecea8677) Importer(815301076,1909f56bfc062723c751e8b465ee728b)  -> (artifact id: '817a7e4c5acbf128121e6a7e090b81ec') in 0.017067 seconds
  Import took 0.046877 seconds .

========================================================================
Received Import Request.
  Time since last request: 0.000489 seconds.
  path: Assets/Juego sci-medieval/SPRITES/clouds (2).prefab
  artifactKey: Guid(876fd78e15e2dfb45b4017e003d7213c) Importer(815301076,1909f56bfc062723c751e8b465ee728b)
Start importing Assets/Juego sci-medieval/SPRITES/clouds (2).prefab using Guid(876fd78e15e2dfb45b4017e003d7213c) Importer(815301076,1909f56bfc062723c751e8b465ee728b)  -> (artifact id: 'a29a854ab081e663da1c1f769eefc078') in 0.032780 seconds
  Import took 0.069582 seconds .

========================================================================
Received Import Request.
  Time since last request: 0.000768 seconds.
  path: Assets/Juego sci-medieval/SPRITES/Layer_0000_9.prefab
  artifactKey: Guid(83b055f300c84a145a04f0f4e8c442b4) Importer(815301076,1909f56bfc062723c751e8b465ee728b)
Start importing Assets/Juego sci-medieval/SPRITES/Layer_0000_9.prefab using Guid(83b055f300c84a145a04f0f4e8c442b4) Importer(815301076,1909f56bfc062723c751e8b465ee728b)  -> (artifact id: '8ebee5feca2c94ecbe82d39b4d004460') in 0.048232 seconds
  Import took 0.190186 seconds .

========================================================================
Received Import Request.
  Time since last request: 0.000732 seconds.
  path: Assets/CrystalWorld/background_obj04.png
  artifactKey: Guid(cd7f84ad7496201468b278fed2dd5b6a) Importer(815301076,1909f56bfc062723c751e8b465ee728b)
Start importing Assets/CrystalWorld/background_obj04.png using Guid(cd7f84ad7496201468b278fed2dd5b6a) Importer(815301076,1909f56bfc062723c751e8b465ee728b)  -> (artifact id: '51ba076fef8bf2f3ba87e6c5c08438c5') in 0.074679 seconds
  Import took 0.137489 seconds .

========================================================================
Received Import Request.
  Time since last request: 0.000607 seconds.
  path: Assets/Juego sci-medieval/SPRITES/Arbusto 4.png
  artifactKey: Guid(e5bbd462faa7b0440b82aee453064572) Importer(815301076,1909f56bfc062723c751e8b465ee728b)
Start importing Assets/Juego sci-medieval/SPRITES/Arbusto 4.png using Guid(e5bbd462faa7b0440b82aee453064572) Importer(815301076,1909f56bfc062723c751e8b465ee728b)  -> (artifact id: '0176aa26fe69858e6df292fc3b48a9a9') in 0.052242 seconds
  Import took 0.153723 seconds .

========================================================================
Received Import Request.
  Time since last request: 0.000675 seconds.
  path: Assets/MagicCliffsArtwork/objects.png
  artifactKey: Guid(c568092d7452f4cf9b5a6e629a61dcd2) Importer(815301076,1909f56bfc062723c751e8b465ee728b)
Start importing Assets/MagicCliffsArtwork/objects.png using Guid(c568092d7452f4cf9b5a6e629a61dcd2) Importer(815301076,1909f56bfc062723c751e8b465ee728b)  -> (artifact id: 'a6b1030ffdc6c15d4192d01095702d43') in 0.107230 seconds
  Import took 0.382609 seconds .

========================================================================
Received Import Request.
  Time since last request: 0.000546 seconds.
  path: Assets/Juego sci-medieval/SPRITES/Rama 3.png
  artifactKey: Guid(d822be21da8b96a47bd0b10bb1d428b2) Importer(815301076,1909f56bfc062723c751e8b465ee728b)
Start importing Assets/Juego sci-medieval/SPRITES/Rama 3.png using Guid(d822be21da8b96a47bd0b10bb1d428b2) Importer(815301076,1909f56bfc062723c751e8b465ee728b)  -> (artifact id: 'fc1d9ca1f81b1e3818f217599d6679ff') in 0.084073 seconds
  Import took 0.092849 seconds .

========================================================================
Received Import Request.
  Time since last request: 0.000567 seconds.
  path: Assets/Juego sci-medieval/SPRITES/TILEMAP piso bosque.prefab
  artifactKey: Guid(7efd1a61866d8ee4bae48f54d1757a13) Importer(815301076,1909f56bfc062723c751e8b465ee728b)
Start importing Assets/Juego sci-medieval/SPRITES/TILEMAP piso bosque.prefab using Guid(7efd1a61866d8ee4bae48f54d1757a13) Importer(815301076,1909f56bfc062723c751e8b465ee728b)  -> (artifact id: '27b13e187623d59fa951490ca54a82cf') in 0.034796 seconds
  Import took 0.043563 seconds .

========================================================================
Received Import Request.
  Time since last request: 0.000742 seconds.
  path: Assets/PF SET1/background_obj.png
  artifactKey: Guid(c83648d49be2e304daae4d092f8aa41f) Importer(815301076,1909f56bfc062723c751e8b465ee728b)
Start importing Assets/PF SET1/background_obj.png using Guid(c83648d49be2e304daae4d092f8aa41f) Importer(815301076,1909f56bfc062723c751e8b465ee728b)  -> (artifact id: 'f0c353cddee3026c2c46cd5e12787b68') in 0.042510 seconds
  Import took 0.080076 seconds .

========================================================================
Received Import Request.
  Time since last request: 0.000673 seconds.
  path: Assets/PF SET1/bakcground_day1.png
  artifactKey: Guid(16dad45369100e34ab557009b029ced8) Importer(815301076,1909f56bfc062723c751e8b465ee728b)
Start importing Assets/PF SET1/bakcground_day1.png using Guid(16dad45369100e34ab557009b029ced8) Importer(815301076,1909f56bfc062723c751e8b465ee728b)  -> (artifact id: 'd0abac1f949782596e1f6d67761365ba') in 0.024641 seconds
  Import took 0.081153 seconds .

========================================================================
Received Import Request.
  Time since last request: 0.000538 seconds.
  path: Assets/Juego sci-medieval/SPRITES/Arbusto 1.png
  artifactKey: Guid(0c8788db611030c48b408cd3ad19cc4a) Importer(815301076,1909f56bfc062723c751e8b465ee728b)
Start importing Assets/Juego sci-medieval/SPRITES/Arbusto 1.png using Guid(0c8788db611030c48b408cd3ad19cc4a) Importer(815301076,1909f56bfc062723c751e8b465ee728b)  -> (artifact id: 'f91002f8e2bb8ebef558d43a6d4f1fcb') in 0.056415 seconds
  Import took 0.131096 seconds .

========================================================================
Received Import Request.
  Time since last request: 0.000605 seconds.
  path: Assets/Juego sci-medieval/SPRITES/Layer_0000_9 (2).prefab
  artifactKey: Guid(47c13c6a6fe452a46ab699b0c57117c1) Importer(815301076,1909f56bfc062723c751e8b465ee728b)
Start importing Assets/Juego sci-medieval/SPRITES/Layer_0000_9 (2).prefab using Guid(47c13c6a6fe452a46ab699b0c57117c1) Importer(815301076,1909f56bfc062723c751e8b465ee728b)  -> (artifact id: 'a4da259217f8d9fbe37fe22e203a64a3') in 0.044218 seconds
  Import took 0.068729 seconds .

========================================================================
Received Import Request.
  Time since last request: 0.000634 seconds.
  path: Assets/Juego sci-medieval/SPRITES/Espinas.png
  artifactKey: Guid(540bbfd91d64e9348a7daae7fddb9722) Importer(815301076,1909f56bfc062723c751e8b465ee728b)
Start importing Assets/Juego sci-medieval/SPRITES/Espinas.png using Guid(540bbfd91d64e9348a7daae7fddb9722) Importer(815301076,1909f56bfc062723c751e8b465ee728b)  -> (artifact id: 'ca1924379944859401ce6aaf2de3f7de') in 0.060085 seconds
  Import took 0.091072 seconds .

========================================================================
Received Prepare
Registering precompiled user dll's ...
Registered in 0.003103 seconds.
Begin MonoManager ReloadAssembly
Native extension for WindowsStandalone target not found
Refreshing native plugins compatible for Editor in 1.11 ms, found 1 plugins.
Preloading 0 native plugins for Editor in 0.00 ms.
Mono: successfully reloaded assembly
- Completed reload, in  2.580 seconds
Platform modules already initialized, skipping
Refreshing native plugins compatible for Editor in 1.26 ms, found 1 plugins.
Preloading 0 native plugins for Editor in 0.00 ms.
Unloading 2232 Unused Serialized files (Serialized files now loaded: 0)
System memory in use before: 128.9 MB.
System memory in use after: 129.0 MB.

Unloading 13 unused Assets to reduce memory usage. Loaded Objects now: 2844.
Total: 4.106000 ms (FindLiveObjects: 0.480600 ms CreateObjectMapping: 0.263400 ms MarkObjects: 3.199800 ms  DeleteObjects: 0.159700 ms)

========================================================================
Received Prepare
Registering precompiled user dll's ...
Registered in 0.002686 seconds.
Begin MonoManager ReloadAssembly
Native extension for WindowsStandalone target not found
Refreshing native plugins compatible for Editor in 1.00 ms, found 1 plugins.
Preloading 0 native plugins for Editor in 0.00 ms.
Mono: successfully reloaded assembly
- Completed reload, in  1.200 seconds
Platform modules already initialized, skipping
Refreshing native plugins compatible for Editor in 0.97 ms, found 1 plugins.
Preloading 0 native plugins for Editor in 0.00 ms.
Unloading 2232 Unused Serialized files (Serialized files now loaded: 0)
System memory in use before: 129.1 MB.
System memory in use after: 129.1 MB.

Unloading 13 unused Assets to reduce memory usage. Loaded Objects now: 2848.
Total: 3.457500 ms (FindLiveObjects: 0.434300 ms CreateObjectMapping: 0.137600 ms MarkObjects: 2.687200 ms  DeleteObjects: 0.195800 ms)

AssetImportWorkerClient::OnTransportError - code=2 error=End of file
